[0m12:00:57.832753 [debug] [MainThread]: Sending event: {'category': 'dbt', 'action': 'invocation', 'label': 'start', 'context': [<snowplow_tracker.self_describing_json.SelfDescribingJson object at 0x749ebb5e20f0>, <snowplow_tracker.self_describing_json.SelfDescribingJson object at 0x749ebd024380>, <snowplow_tracker.self_describing_json.SelfDescribingJson object at 0x749ebb8db260>]}


============================== 12:00:57.847763 | e59f8982-72f8-4a15-be14-ac1ec80d2120 ==============================
[0m12:00:57.847763 [info ] [MainThread]: Running with dbt=1.9.0
[0m12:00:57.848882 [debug] [MainThread]: running dbt with arguments {'printer_width': '80', 'indirect_selection': 'eager', 'log_cache_events': 'False', 'write_json': 'True', 'partial_parse': 'True', 'cache_selected_only': 'False', 'profiles_dir': '/root/.dbt', 'version_check': 'True', 'warn_error': 'None', 'log_path': 'logs', 'debug': 'False', 'fail_fast': 'False', 'use_colors': 'True', 'use_experimental_parser': 'False', 'empty': 'None', 'quiet': 'False', 'no_print': 'None', 'log_format': 'default', 'introspect': 'True', 'warn_error_options': 'WarnErrorOptions(include=[], exclude=[])', 'invocation_command': 'dbt init my_dbt', 'target_path': 'None', 'static_parser': 'True', 'send_anonymous_usage_stats': 'True'}
[0m12:00:57.925360 [debug] [MainThread]: Starter project path: /usr/local/lib/python3.12/site-packages/dbt/include/starter_project
[0m12:00:57.939393 [info ] [MainThread]: 
Your new dbt project "my_dbt" was created!

For more information on how to configure the profiles.yml file,
please consult the dbt documentation here:

  https://docs.getdbt.com/docs/configure-your-profile

One more thing:

Need help? Don't hesitate to reach out to us via GitHub issues or on Slack:

  https://community.getdbt.com/

Happy modeling!

[0m12:00:57.940220 [info ] [MainThread]: Setting up your profile.
[0m12:01:31.335393 [info ] [MainThread]: Profile my_dbt written to /root/.dbt/profiles.yml using target's profile_template.yml and your supplied values. Run 'dbt debug' to validate the connection.
[0m12:01:31.338433 [debug] [MainThread]: Resource report: {"command_name": "init", "command_success": true, "command_wall_clock_time": 31.48191, "process_in_blocks": "0", "process_kernel_time": 0.843012, "process_mem_max_rss": "92488", "process_out_blocks": "1544", "process_user_time": 2.725883}
[0m12:01:31.339725 [debug] [MainThread]: Command `dbt init` succeeded at 12:01:31.339467 after 31.48 seconds
[0m12:01:31.340604 [debug] [MainThread]: Sending event: {'category': 'dbt', 'action': 'invocation', 'label': 'end', 'context': [<snowplow_tracker.self_describing_json.SelfDescribingJson object at 0x749ebd024380>, <snowplow_tracker.self_describing_json.SelfDescribingJson object at 0x749ebafe4c50>, <snowplow_tracker.self_describing_json.SelfDescribingJson object at 0x749ebafc36e0>]}
[0m12:01:31.341564 [debug] [MainThread]: Flushing usage events
[0m12:01:32.560300 [debug] [MainThread]: An error was encountered while trying to flush usage events
